skampere1:698986:698986 [0] NCCL INFO cudaDriverVersion 12080
skampere1:698986:698986 [0] NCCL INFO NCCL version 2.24.3+cuda12.6
skampere1:698986:699027 [0] NCCL INFO NET/Plugin: Could not find: libnccl-net.so. Using internal network plugin.
skampere1:698986:699027 [0] NCCL INFO NET/IB : No device found.
skampere1:698986:699027 [0] NCCL INFO NET/IB : Using [RO]; OOB enp44s0f0:172.24.75.194<0>
skampere1:698986:699027 [0] NCCL INFO NET/Socket : Using [0]enp44s0f0:172.24.75.194<0> [1]br-1f201a91bad8:172.19.0.1<0> [2]br-568b5fe2f4a1:172.20.0.1<0>
skampere1:698986:699027 [0] NCCL INFO Using network Socket
skampere1:698986:699027 [0] NCCL INFO ncclCommInitRankConfig comm 0x55e86963c390 rank 0 nranks 1 cudaDev 0 nvmlDev 4 busId 84000 commId 0xb8ec5c945f807914 - Init START
skampere1:698986:699027 [0] NCCL INFO RAS client listening socket at ::1<28028>
skampere1:698986:699027 [0] NCCL INFO TOPO/NET : Importing network plugins to topology
skampere1:698986:699027 [0] NCCL INFO Retrieving state for Socket
skampere1:698986:699027 [0] NCCL INFO Initialized state 0 for Socket
skampere1:698986:699027 [0] NCCL INFO ncclTopoPopulateNics : Filled enp44s0f0 in topo with pciPath=/sys/devices/pci0000:2b/0000:2b:03.1/0000:2c:00.0 keep=1 coll=(null)
skampere1:698986:699027 [0] NCCL INFO ncclTopoPopulateNics : Filled br-1f201a91bad8 in topo with pciPath=(null) keep=1 coll=(null)
skampere1:698986:699027 [0] NCCL INFO ncclTopoPopulateNics : Filled br-568b5fe2f4a1 in topo with pciPath=(null) keep=1 coll=(null)
skampere1:698986:699027 [0] NCCL INFO TOPO/NET : Importing network plugins to topology
skampere1:698986:699027 [0] NCCL INFO Retrieving state for Socket
skampere1:698986:699027 [0] NCCL INFO ncclTopoPopulateNics : Filled enp44s0f0 in topo with pciPath=/sys/devices/pci0000:2b/0000:2b:03.1/0000:2c:00.0 keep=1 coll=(null)
skampere1:698986:699027 [0] NCCL INFO ncclTopoPopulateNics : Filled br-1f201a91bad8 in topo with pciPath=(null) keep=1 coll=(null)
skampere1:698986:699027 [0] NCCL INFO ncclTopoPopulateNics : Filled br-568b5fe2f4a1 in topo with pciPath=(null) keep=1 coll=(null)
skampere1:698986:699027 [0] NCCL INFO === System : maxBw 5000.0 totalBw 5000.0 ===
skampere1:698986:699027 [0] NCCL INFO CPU/0-1 (1/2/-1)
skampere1:698986:699027 [0] NCCL INFO + PCI[5000.0] - NIC/0-0
skampere1:698986:699027 [0] NCCL INFO + PCI[24.0] - PCI/0-7e000 (1000c0101000ffff)
skampere1:698986:699027 [0] NCCL INFO               + PCI[24.0] - PCI/0-82000 (1000c01010de13b8)
skampere1:698986:699027 [0] NCCL INFO                             + PCI[24.0] - GPU/0-84000 (0)
skampere1:698986:699027 [0] NCCL INFO                                           + NVL[240.0] - NVS/0-0
skampere1:698986:699027 [0] NCCL INFO + SYS[16.0] - CPU/0-0
skampere1:698986:699027 [0] NCCL INFO CPU/0-0 (1/2/-1)
skampere1:698986:699027 [0] NCCL INFO + SYS[16.0] - CPU/0-1
skampere1:698986:699027 [0] NCCL INFO + PCI[3.0] - NIC/0-2c000
skampere1:698986:699027 [0] NCCL INFO ==========================================
skampere1:698986:699027 [0] NCCL INFO GPU/0-84000 :GPU/0-84000 (0/5000.0/LOC) NVS/0-0 (1/240.0/NVL) CPU/0-1 (3/24.0/PHB) CPU/0-0 (4/16.0/SYS) 
skampere1:698986:699027 [0] NCCL INFO Setting affinity for GPU 4 to ffffffff,00000000,ffffffff,00000000
skampere1:698986:699027 [0] NCCL INFO Pattern 4, crossNic 0, nChannels 16, bw 40.000000/40.000000, type LOC/PIX, sameChannels 1
skampere1:698986:699027 [0] NCCL INFO  0 : GPU/0
skampere1:698986:699027 [0] NCCL INFO  1 : GPU/0
skampere1:698986:699027 [0] NCCL INFO  2 : GPU/0
skampere1:698986:699027 [0] NCCL INFO  3 : GPU/0
skampere1:698986:699027 [0] NCCL INFO  4 : GPU/0
skampere1:698986:699027 [0] NCCL INFO  5 : GPU/0
skampere1:698986:699027 [0] NCCL INFO  6 : GPU/0
skampere1:698986:699027 [0] NCCL INFO  7 : GPU/0
skampere1:698986:699027 [0] NCCL INFO  8 : GPU/0
skampere1:698986:699027 [0] NCCL INFO  9 : GPU/0
skampere1:698986:699027 [0] NCCL INFO 10 : GPU/0
skampere1:698986:699027 [0] NCCL INFO 11 : GPU/0
skampere1:698986:699027 [0] NCCL INFO 12 : GPU/0
skampere1:698986:699027 [0] NCCL INFO 13 : GPU/0
skampere1:698986:699027 [0] NCCL INFO 14 : GPU/0
skampere1:698986:699027 [0] NCCL INFO 15 : GPU/0
skampere1:698986:699027 [0] NCCL INFO Pattern 3, crossNic 0, nChannels 16, bw 40.000000/40.000000, type LOC/PIX, sameChannels 1
skampere1:698986:699027 [0] NCCL INFO  0 : GPU/0
skampere1:698986:699027 [0] NCCL INFO  1 : GPU/0
skampere1:698986:699027 [0] NCCL INFO  2 : GPU/0
skampere1:698986:699027 [0] NCCL INFO  3 : GPU/0
skampere1:698986:699027 [0] NCCL INFO  4 : GPU/0
skampere1:698986:699027 [0] NCCL INFO  5 : GPU/0
skampere1:698986:699027 [0] NCCL INFO  6 : GPU/0
skampere1:698986:699027 [0] NCCL INFO  7 : GPU/0
skampere1:698986:699027 [0] NCCL INFO  8 : GPU/0
skampere1:698986:699027 [0] NCCL INFO  9 : GPU/0
skampere1:698986:699027 [0] NCCL INFO 10 : GPU/0
skampere1:698986:699027 [0] NCCL INFO 11 : GPU/0
skampere1:698986:699027 [0] NCCL INFO 12 : GPU/0
skampere1:698986:699027 [0] NCCL INFO 13 : GPU/0
skampere1:698986:699027 [0] NCCL INFO 14 : GPU/0
skampere1:698986:699027 [0] NCCL INFO 15 : GPU/0
skampere1:698986:699027 [0] NCCL INFO comm 0x55e86963c390 rank 0 nRanks 1 nNodes 1 localRanks 1 localRank 0 MNNVL 0
skampere1:698986:699027 [0] NCCL INFO Tree 0 : -1 -> 0 -> -1/-1/-1
skampere1:698986:699027 [0] NCCL INFO Tree 16 : -1 -> 0 -> -1/-1/-1
skampere1:698986:699027 [0] NCCL INFO Tree 1 : -1 -> 0 -> -1/-1/-1
skampere1:698986:699027 [0] NCCL INFO Tree 17 : -1 -> 0 -> -1/-1/-1
skampere1:698986:699027 [0] NCCL INFO Tree 2 : -1 -> 0 -> -1/-1/-1
skampere1:698986:699027 [0] NCCL INFO Tree 18 : -1 -> 0 -> -1/-1/-1
skampere1:698986:699027 [0] NCCL INFO Tree 3 : -1 -> 0 -> -1/-1/-1
skampere1:698986:699027 [0] NCCL INFO Tree 19 : -1 -> 0 -> -1/-1/-1
skampere1:698986:699027 [0] NCCL INFO Tree 4 : -1 -> 0 -> -1/-1/-1
skampere1:698986:699027 [0] NCCL INFO Tree 20 : -1 -> 0 -> -1/-1/-1
skampere1:698986:699027 [0] NCCL INFO Tree 5 : -1 -> 0 -> -1/-1/-1
skampere1:698986:699027 [0] NCCL INFO Tree 21 : -1 -> 0 -> -1/-1/-1
skampere1:698986:699027 [0] NCCL INFO Tree 6 : -1 -> 0 -> -1/-1/-1
skampere1:698986:699027 [0] NCCL INFO Tree 22 : -1 -> 0 -> -1/-1/-1
skampere1:698986:699027 [0] NCCL INFO Tree 7 : -1 -> 0 -> -1/-1/-1
skampere1:698986:699027 [0] NCCL INFO Tree 23 : -1 -> 0 -> -1/-1/-1
skampere1:698986:699027 [0] NCCL INFO Tree 8 : -1 -> 0 -> -1/-1/-1
skampere1:698986:699027 [0] NCCL INFO Tree 24 : -1 -> 0 -> -1/-1/-1
skampere1:698986:699027 [0] NCCL INFO Tree 9 : -1 -> 0 -> -1/-1/-1
skampere1:698986:699027 [0] NCCL INFO Tree 25 : -1 -> 0 -> -1/-1/-1
skampere1:698986:699027 [0] NCCL INFO Tree 10 : -1 -> 0 -> -1/-1/-1
skampere1:698986:699027 [0] NCCL INFO Tree 26 : -1 -> 0 -> -1/-1/-1
skampere1:698986:699027 [0] NCCL INFO Tree 11 : -1 -> 0 -> -1/-1/-1
skampere1:698986:699027 [0] NCCL INFO Tree 27 : -1 -> 0 -> -1/-1/-1
skampere1:698986:699027 [0] NCCL INFO Tree 12 : -1 -> 0 -> -1/-1/-1
skampere1:698986:699027 [0] NCCL INFO Tree 28 : -1 -> 0 -> -1/-1/-1
skampere1:698986:699027 [0] NCCL INFO Tree 13 : -1 -> 0 -> -1/-1/-1
skampere1:698986:699027 [0] NCCL INFO Tree 29 : -1 -> 0 -> -1/-1/-1
skampere1:698986:699027 [0] NCCL INFO Tree 14 : -1 -> 0 -> -1/-1/-1
skampere1:698986:699027 [0] NCCL INFO Tree 30 : -1 -> 0 -> -1/-1/-1
skampere1:698986:699027 [0] NCCL INFO Tree 15 : -1 -> 0 -> -1/-1/-1
skampere1:698986:699027 [0] NCCL INFO Tree 31 : -1 -> 0 -> -1/-1/-1
skampere1:698986:699027 [0] NCCL INFO Channel 00/32 : 0
skampere1:698986:699027 [0] NCCL INFO Channel 01/32 : 0
skampere1:698986:699027 [0] NCCL INFO Channel 02/32 : 0
skampere1:698986:699027 [0] NCCL INFO Channel 03/32 : 0
skampere1:698986:699027 [0] NCCL INFO Channel 04/32 : 0
skampere1:698986:699027 [0] NCCL INFO Channel 05/32 : 0
skampere1:698986:699027 [0] NCCL INFO Channel 06/32 : 0
skampere1:698986:699027 [0] NCCL INFO Channel 07/32 : 0
skampere1:698986:699027 [0] NCCL INFO Channel 08/32 : 0
skampere1:698986:699027 [0] NCCL INFO Channel 09/32 : 0
skampere1:698986:699027 [0] NCCL INFO Channel 10/32 : 0
skampere1:698986:699027 [0] NCCL INFO Channel 11/32 : 0
skampere1:698986:699027 [0] NCCL INFO Channel 12/32 : 0
skampere1:698986:699027 [0] NCCL INFO Channel 13/32 : 0
skampere1:698986:699027 [0] NCCL INFO Channel 14/32 : 0
skampere1:698986:699027 [0] NCCL INFO Channel 15/32 : 0
skampere1:698986:699027 [0] NCCL INFO Channel 16/32 : 0
skampere1:698986:699027 [0] NCCL INFO Channel 17/32 : 0
skampere1:698986:699027 [0] NCCL INFO Channel 18/32 : 0
skampere1:698986:699027 [0] NCCL INFO Channel 19/32 : 0
skampere1:698986:699027 [0] NCCL INFO Channel 20/32 : 0
skampere1:698986:699027 [0] NCCL INFO Channel 21/32 : 0
skampere1:698986:699027 [0] NCCL INFO Channel 22/32 : 0
skampere1:698986:699027 [0] NCCL INFO Channel 23/32 : 0
skampere1:698986:699027 [0] NCCL INFO Channel 24/32 : 0
skampere1:698986:699027 [0] NCCL INFO Channel 25/32 : 0
skampere1:698986:699027 [0] NCCL INFO Channel 26/32 : 0
skampere1:698986:699027 [0] NCCL INFO Channel 27/32 : 0
skampere1:698986:699027 [0] NCCL INFO Channel 28/32 : 0
skampere1:698986:699027 [0] NCCL INFO Channel 29/32 : 0
skampere1:698986:699027 [0] NCCL INFO Channel 30/32 : 0
skampere1:698986:699027 [0] NCCL INFO Channel 31/32 : 0
skampere1:698986:699027 [0] NCCL INFO Ring 00 : 0 -> 0 -> 0
skampere1:698986:699027 [0] NCCL INFO Ring 01 : 0 -> 0 -> 0
skampere1:698986:699027 [0] NCCL INFO Ring 02 : 0 -> 0 -> 0
skampere1:698986:699027 [0] NCCL INFO Ring 03 : 0 -> 0 -> 0
skampere1:698986:699027 [0] NCCL INFO Ring 04 : 0 -> 0 -> 0
skampere1:698986:699027 [0] NCCL INFO Ring 05 : 0 -> 0 -> 0
skampere1:698986:699027 [0] NCCL INFO Ring 06 : 0 -> 0 -> 0
skampere1:698986:699027 [0] NCCL INFO Ring 07 : 0 -> 0 -> 0
skampere1:698986:699027 [0] NCCL INFO Ring 08 : 0 -> 0 -> 0
skampere1:698986:699027 [0] NCCL INFO Ring 09 : 0 -> 0 -> 0
skampere1:698986:699027 [0] NCCL INFO Ring 10 : 0 -> 0 -> 0
skampere1:698986:699027 [0] NCCL INFO Ring 11 : 0 -> 0 -> 0
skampere1:698986:699027 [0] NCCL INFO Ring 12 : 0 -> 0 -> 0
skampere1:698986:699027 [0] NCCL INFO Ring 13 : 0 -> 0 -> 0
skampere1:698986:699027 [0] NCCL INFO Ring 14 : 0 -> 0 -> 0
skampere1:698986:699027 [0] NCCL INFO Ring 15 : 0 -> 0 -> 0
skampere1:698986:699027 [0] NCCL INFO Ring 16 : 0 -> 0 -> 0
skampere1:698986:699027 [0] NCCL INFO Ring 17 : 0 -> 0 -> 0
skampere1:698986:699027 [0] NCCL INFO Ring 18 : 0 -> 0 -> 0
skampere1:698986:699027 [0] NCCL INFO Ring 19 : 0 -> 0 -> 0
skampere1:698986:699027 [0] NCCL INFO Ring 20 : 0 -> 0 -> 0
skampere1:698986:699027 [0] NCCL INFO Ring 21 : 0 -> 0 -> 0
skampere1:698986:699027 [0] NCCL INFO Ring 22 : 0 -> 0 -> 0
skampere1:698986:699027 [0] NCCL INFO Ring 23 : 0 -> 0 -> 0
skampere1:698986:699027 [0] NCCL INFO Ring 24 : 0 -> 0 -> 0
skampere1:698986:699027 [0] NCCL INFO Ring 25 : 0 -> 0 -> 0
skampere1:698986:699027 [0] NCCL INFO Ring 26 : 0 -> 0 -> 0
skampere1:698986:699027 [0] NCCL INFO Ring 27 : 0 -> 0 -> 0
skampere1:698986:699027 [0] NCCL INFO Ring 28 : 0 -> 0 -> 0
skampere1:698986:699027 [0] NCCL INFO Ring 29 : 0 -> 0 -> 0
skampere1:698986:699027 [0] NCCL INFO Ring 30 : 0 -> 0 -> 0
skampere1:698986:699027 [0] NCCL INFO Ring 31 : 0 -> 0 -> 0
skampere1:698986:699027 [0] NCCL INFO Trees [0] -1/-1/-1->0->-1 [1] -1/-1/-1->0->-1 [2] -1/-1/-1->0->-1 [3] -1/-1/-1->0->-1 [4] -1/-1/-1->0->-1 [5] -1/-1/-1->0->-1 [6] -1/-1/-1->0->-1 [7] -1/-1/-1->0->-1 [8] -1/-1/-1->0->-1 [9] -1/-1/-1->0->-1 [10] -1/-1/-1->0->-1 [11] -1/-1/-1->0->-1 [12] -1/-1/-1->0->-1 [13] -1/-1/-1->0->-1 [14] -1/-1/-1->0->-1 [15] -1/-1/-1->0->-1 [16] -1/-1/-1->0->-1 [17] -1/-1/-1->0->-1 [18] -1/-1/-1->0->-1 [19] -1/-1/-1->0->-1 [20] -1/-1/-1->0->-1 [21] -1/-1/-1->0->-1 [22] -1/-1/-1->0->-1 [23] -1/-1/-1->0->-1 [24] -1/-1/-1->0->-1 [25] -1/-1/-1->0->-1 [26] -1/-1/-1->0->-1 [27] -1/-1/-1->0->-1 [28] -1/-1/-1->0->-1 [29] -1/-1/-1->0->-1 [30] -1/-1/-1->0->-1 [31] -1/-1/-1->0->-1
skampere1:698986:699027 [0] NCCL INFO P2P Chunksize set to 131072
skampere1:698986:699027 [0] NCCL INFO Check P2P Type intraNodeP2pSupport 0 directMode 0
skampere1:698986:699084 [0] NCCL INFO [Proxy Serviskampere1:698976:699023 [0] NCCL INFO 32 coll channels, 32 collnet channels, 0 nvls channels, 32 p2p chassskampere1:698986:699027 [0] NCCL INFO 32 coll channels, 32 collnet channels, 0 nvls channels, 32 p2p channels, 32 p2p channels per peer
skampere1:698986:699027 [0] NCCL INFO CC Off, workFifoBytes 1048576
skampere1:698986:699027 [0] NCCL INFO TUNER/Plugin: Could not find: libnccl-tuner.so libnccl-net.so. Using internal tuner plugin.
skampere1:698986:699027 [0] NCCL INFO ncclCommInitRankConfig comm 0x55e86963c390 rank 0 nranks 1 cudaDev 0 nvmlDev 4 busId 84000 commId 0xb8ec5c945f807914 - Init COMPLETE
skampere1:698986:699027 [0] NCCL INFO Init timings - ncclCommInitRankConfig: rank 0 nranks 1 total 3.43 (kernelskampere1:698976:701133 [0] NCCL INFO comm 0x55f4c431d3a0 rank 0 nranks 1 cudaDev 0 busId 84000 - Destrossskampere1:698986:701147 [0] NCCL INFO comm 0x55e86963c390 rank 0 nranks 1 cudaDev 0 busId 84000 - Destroy COMPLETE
